-------------------------------------------------------------------------------
Test set: inheritance.AbstractIT
-------------------------------------------------------------------------------
Tests run: 1, Failures: 0, Errors: 1, Skipped: 0, Time elapsed: 0.016 s <<< FAILURE! - in inheritance.AbstractIT
initializationError(inheritance.AbstractIT)  Time elapsed: 0 s  <<< ERROR!
java.lang.Exception: No runnable methods

