-------------------------------------------------------------------------------
Test set: pageobject.AbstractIT
-------------------------------------------------------------------------------
Tests run: 1, Failures: 0, Errors: 1, Skipped: 0, Time elapsed: 0.015 s <<< FAILURE! - in pageobject.AbstractIT
initializationError(pageobject.AbstractIT)  Time elapsed: 0 s  <<< ERROR!
java.lang.Exception: No runnable methods

