-------------------------------------------------------------------------------
Test set: pagefactory.form.AbstractIT
-------------------------------------------------------------------------------
Tests run: 1, Failures: 0, Errors: 1, Skipped: 0, Time elapsed: 0 s <<< FAILURE! - in pagefactory.form.AbstractIT
initializationError(pagefactory.form.AbstractIT)  Time elapsed: 0 s  <<< ERROR!
java.lang.Exception: No runnable methods

