-------------------------------------------------------------------------------
Test set: pagefactory.AbstractIT
-------------------------------------------------------------------------------
Tests run: 1, Failures: 0, Errors: 1, Skipped: 0, Time elapsed: 0.016 s <<< FAILURE! - in pagefactory.AbstractIT
initializationError(pagefactory.AbstractIT)  Time elapsed: 0 s  <<< ERROR!
java.lang.Exception: No runnable methods

